<?xml version="1.0" encoding="UTF-8" ?>
<testsuite tests="10" failures="0" name="step_definitions.RunCukesTest" time="0.027" errors="2" skipped="2">
  <properties>
[...]
</properties>
  <testcase classname="| QA-Admin1@getnada.com | P@ssw0rd123 | Aceh | 06-11-2021 | 07-11-2021 |" name="Given The User Login &quot;QA-Admin1@getnada.com&quot;  as email, &quot;P@ssw0rd123&quot; as password" time="0.004"/>
  <testcase classname="| QA-Admin1@getnada.com | P@ssw0rd123 | Aceh | 06-11-2021 | 07-11-2021 |" name="And The User go to HomePage" time="0"/>
  <testcase classname="| QA-Admin1@getnada.com | P@ssw0rd123 | Aceh | 06-11-2021 | 07-11-2021 |" name="When The User set &quot;Aceh&quot;, select The Hotel Prime, set &quot;06-11-2021&quot; as date Check In and &quot;07-11-2021&quot; as date Check Out" time="0"/>
  <testcase classname="| QA-Admin1@getnada.com | P@ssw0rd123 | Aceh | 06-11-2021 | 07-11-2021 |" name="And The User search hotel" time="0"/>
  <testcase classname="| QA-Admin1@getnada.com | P@ssw0rd123 | Aceh | 06-11-2021 | 07-11-2021 |" name="And The User choose how many room input" time="0"/>
  <testcase classname="| QA-Admin1@getnada.com | P@ssw0rd123 | Aceh | 06-11-2021 | 07-11-2021 |" name="Then The User continue process payment" time="0"/>
  <testcase classname="| QA-Admin1@getnada.com | P@ssw0rd123 | Aceh | 06-11-2021 | 07-11-2021 |" name="And The User validate Rooms &amp; Summary" time="0.004">
    <error message="no such element: Unable to locate element: {&quot;method&quot;:&quot;css selector&quot;,&quot;selector&quot;:&quot;#cgv&quot;}
  (Session info: chrome=93.0.4577.82)
For documentation on this error, please visit: https://www.seleniumhq.org/exceptions/no_such_element.html
Build info: version: &apos;3.141.59&apos;, revision: &apos;e82be7d358&apos;, time: &apos;2018-11-14T08:17:03&apos;
System info: host: &apos;superuser.local&apos;, ip: &apos;fe80:0:0:0:b0:e09e:6972:89e9%en0&apos;, os.name: &apos;Mac OS X&apos;, os.arch: &apos;x86_64&apos;, os.version: &apos;10.15.5&apos;, java.version: &apos;1.8.0_221&apos;
Driver info: org.openqa.selenium.chrome.ChromeDriver
Capabilities {acceptInsecureCerts: false, browserName: chrome, browserVersion: 93.0.4577.82, chrome: {chromedriverVersion: 92.0.4515.107 (87a818b10553..., userDataDir: /var/folders/r9/x26cy6x527l...}, goog:chromeOptions: {debuggerAddress: localhost:61398}, javascriptEnabled: true, networkConnectionEnabled: false, pageLoadStrategy: normal, platform: MAC, platformName: MAC, proxy: Proxy(), setWindowRect: true, strictFileInteractability: false, timeouts: {implicit: 0, pageLoad: 300000, script: 30000}, unhandledPromptBehavior: dismiss and notify, webauthn:extension:credBlob: true, webauthn:extension:largeBlob: true, webauthn:virtualAuthenticators: true}
Session ID: 990f06d3bc568b19b978c1ee72d5a662
*** Element info: {Using=id, value=cgv}" type="org.openqa.selenium.NoSuchElementException">org.openqa.selenium.NoSuchElementException: no such element: Unable to locate element: {&quot;method&quot;:&quot;css selector&quot;,&quot;selector&quot;:&quot;#cgv&quot;}
  (Session info: chrome=93.0.4577.82)
For documentation on this error, please visit: https://www.seleniumhq.org/exceptions/no_such_element.html
Build info: version: &apos;3.141.59&apos;, revision: &apos;e82be7d358&apos;, time: &apos;2018-11-14T08:17:03&apos;
System info: host: &apos;superuser.local&apos;, ip: &apos;fe80:0:0:0:b0:e09e:6972:89e9%en0&apos;, os.name: &apos;Mac OS X&apos;, os.arch: &apos;x86_64&apos;, os.version: &apos;10.15.5&apos;, java.version: &apos;1.8.0_221&apos;
Driver info: org.openqa.selenium.chrome.ChromeDriver
Capabilities {acceptInsecureCerts: false, browserName: chrome, browserVersion: 93.0.4577.82, chrome: {chromedriverVersion: 92.0.4515.107 (87a818b10553..., userDataDir: /var/folders/r9/x26cy6x527l...}, goog:chromeOptions: {debuggerAddress: localhost:61398}, javascriptEnabled: true, networkConnectionEnabled: false, pageLoadStrategy: normal, platform: MAC, platformName: MAC, proxy: Proxy(), setWindowRect: true, strictFileInteractability: false, timeouts: {implicit: 0, pageLoad: 300000, script: 30000}, unhandledPromptBehavior: dismiss and notify, webauthn:extension:credBlob: true, webauthn:extension:largeBlob: true, webauthn:virtualAuthenticators: true}
Session ID: 990f06d3bc568b19b978c1ee72d5a662
*** Element info: {Using=id, value=cgv}
	at sun.reflect.NativeConstructorAccessorImpl.newInstance0(Native Method)
	at sun.reflect.NativeConstructorAccessorImpl.newInstance(NativeConstructorAccessorImpl.java:62)
	at sun.reflect.DelegatingConstructorAccessorImpl.newInstance(DelegatingConstructorAccessorImpl.java:45)
	at java.lang.reflect.Constructor.newInstance(Constructor.java:423)
	at org.openqa.selenium.remote.http.W3CHttpResponseCodec.createException(W3CHttpResponseCodec.java:187)
	at org.openqa.selenium.remote.http.W3CHttpResponseCodec.decode(W3CHttpResponseCodec.java:122)
	at org.openqa.selenium.remote.http.W3CHttpResponseCodec.decode(W3CHttpResponseCodec.java:49)
	at org.openqa.selenium.remote.HttpCommandExecutor.execute(HttpCommandExecutor.java:158)
	at org.openqa.selenium.remote.service.DriverCommandExecutor.execute(DriverCommandExecutor.java:83)
	at org.openqa.selenium.remote.RemoteWebDriver.execute(RemoteWebDriver.java:552)
	at org.openqa.selenium.remote.RemoteWebDriver.findElement(RemoteWebDriver.java:323)
	at org.openqa.selenium.remote.RemoteWebDriver.findElementById(RemoteWebDriver.java:372)
	at org.openqa.selenium.By$ById.findElement(By.java:188)
	at org.openqa.selenium.remote.RemoteWebDriver.findElement(RemoteWebDriver.java:315)
	at org.openqa.selenium.support.pagefactory.DefaultElementLocator.findElement(DefaultElementLocator.java:69)
	at org.openqa.selenium.support.pagefactory.internal.LocatingElementHandler.invoke(LocatingElementHandler.java:38)
	at com.sun.proxy.$Proxy18.click(Unknown Source)
	at page_object.QuickOrderDetailPage.ClickCheckBoxTnc(QuickOrderDetailPage.java:91)
	at step_definitions.BookingRoomsviaTransferSteps.the_User_see_Order_Total_as_Order_Confirmation(BookingRoomsviaTransferSteps.java:112)
	at ✽.And The User validate Rooms &amp; Summary(Features/BookingRoomslviaTransfer.feature:29)
</error>
  </testcase>
  <testcase classname="| QA-Admin1@getnada.com | P@ssw0rd123 | Aceh | 06-11-2021 | 07-11-2021 |" name="| QA-Admin1@getnada.com | P@ssw0rd123 | Aceh | 06-11-2021 | 07-11-2021 |" time="0.005">
    <error message="no such element: Unable to locate element: {&quot;method&quot;:&quot;css selector&quot;,&quot;selector&quot;:&quot;#cgv&quot;}
  (Session info: chrome=93.0.4577.82)
For documentation on this error, please visit: https://www.seleniumhq.org/exceptions/no_such_element.html
Build info: version: &apos;3.141.59&apos;, revision: &apos;e82be7d358&apos;, time: &apos;2018-11-14T08:17:03&apos;
System info: host: &apos;superuser.local&apos;, ip: &apos;fe80:0:0:0:b0:e09e:6972:89e9%en0&apos;, os.name: &apos;Mac OS X&apos;, os.arch: &apos;x86_64&apos;, os.version: &apos;10.15.5&apos;, java.version: &apos;1.8.0_221&apos;
Driver info: org.openqa.selenium.chrome.ChromeDriver
Capabilities {acceptInsecureCerts: false, browserName: chrome, browserVersion: 93.0.4577.82, chrome: {chromedriverVersion: 92.0.4515.107 (87a818b10553..., userDataDir: /var/folders/r9/x26cy6x527l...}, goog:chromeOptions: {debuggerAddress: localhost:61398}, javascriptEnabled: true, networkConnectionEnabled: false, pageLoadStrategy: normal, platform: MAC, platformName: MAC, proxy: Proxy(), setWindowRect: true, strictFileInteractability: false, timeouts: {implicit: 0, pageLoad: 300000, script: 30000}, unhandledPromptBehavior: dismiss and notify, webauthn:extension:credBlob: true, webauthn:extension:largeBlob: true, webauthn:virtualAuthenticators: true}
Session ID: 990f06d3bc568b19b978c1ee72d5a662
*** Element info: {Using=id, value=cgv}" type="org.openqa.selenium.NoSuchElementException">org.openqa.selenium.NoSuchElementException: no such element: Unable to locate element: {&quot;method&quot;:&quot;css selector&quot;,&quot;selector&quot;:&quot;#cgv&quot;}
  (Session info: chrome=93.0.4577.82)
For documentation on this error, please visit: https://www.seleniumhq.org/exceptions/no_such_element.html
Build info: version: &apos;3.141.59&apos;, revision: &apos;e82be7d358&apos;, time: &apos;2018-11-14T08:17:03&apos;
System info: host: &apos;superuser.local&apos;, ip: &apos;fe80:0:0:0:b0:e09e:6972:89e9%en0&apos;, os.name: &apos;Mac OS X&apos;, os.arch: &apos;x86_64&apos;, os.version: &apos;10.15.5&apos;, java.version: &apos;1.8.0_221&apos;
Driver info: org.openqa.selenium.chrome.ChromeDriver
Capabilities {acceptInsecureCerts: false, browserName: chrome, browserVersion: 93.0.4577.82, chrome: {chromedriverVersion: 92.0.4515.107 (87a818b10553..., userDataDir: /var/folders/r9/x26cy6x527l...}, goog:chromeOptions: {debuggerAddress: localhost:61398}, javascriptEnabled: true, networkConnectionEnabled: false, pageLoadStrategy: normal, platform: MAC, platformName: MAC, proxy: Proxy(), setWindowRect: true, strictFileInteractability: false, timeouts: {implicit: 0, pageLoad: 300000, script: 30000}, unhandledPromptBehavior: dismiss and notify, webauthn:extension:credBlob: true, webauthn:extension:largeBlob: true, webauthn:virtualAuthenticators: true}
Session ID: 990f06d3bc568b19b978c1ee72d5a662
*** Element info: {Using=id, value=cgv}
	at sun.reflect.NativeConstructorAccessorImpl.newInstance0(Native Method)
	at sun.reflect.NativeConstructorAccessorImpl.newInstance(NativeConstructorAccessorImpl.java:62)
	at sun.reflect.DelegatingConstructorAccessorImpl.newInstance(DelegatingConstructorAccessorImpl.java:45)
	at java.lang.reflect.Constructor.newInstance(Constructor.java:423)
	at org.openqa.selenium.remote.http.W3CHttpResponseCodec.createException(W3CHttpResponseCodec.java:187)
	at org.openqa.selenium.remote.http.W3CHttpResponseCodec.decode(W3CHttpResponseCodec.java:122)
	at org.openqa.selenium.remote.http.W3CHttpResponseCodec.decode(W3CHttpResponseCodec.java:49)
	at org.openqa.selenium.remote.HttpCommandExecutor.execute(HttpCommandExecutor.java:158)
	at org.openqa.selenium.remote.service.DriverCommandExecutor.execute(DriverCommandExecutor.java:83)
	at org.openqa.selenium.remote.RemoteWebDriver.execute(RemoteWebDriver.java:552)
	at org.openqa.selenium.remote.RemoteWebDriver.findElement(RemoteWebDriver.java:323)
	at org.openqa.selenium.remote.RemoteWebDriver.findElementById(RemoteWebDriver.java:372)
	at org.openqa.selenium.By$ById.findElement(By.java:188)
	at org.openqa.selenium.remote.RemoteWebDriver.findElement(RemoteWebDriver.java:315)
	at org.openqa.selenium.support.pagefactory.DefaultElementLocator.findElement(DefaultElementLocator.java:69)
	at org.openqa.selenium.support.pagefactory.internal.LocatingElementHandler.invoke(LocatingElementHandler.java:38)
	at com.sun.proxy.$Proxy18.click(Unknown Source)
	at page_object.QuickOrderDetailPage.ClickCheckBoxTnc(QuickOrderDetailPage.java:91)
	at step_definitions.BookingRoomsviaTransferSteps.the_User_see_Order_Total_as_Order_Confirmation(BookingRoomsviaTransferSteps.java:112)
	at ✽.And The User validate Rooms &amp; Summary(Features/BookingRoomslviaTransfer.feature:29)
</error>
  </testcase>
  <testcase classname="| QA-Admin1@getnada.com | P@ssw0rd123 | Aceh | 06-11-2021 | 07-11-2021 |" name="And The User Confirmation Order via Transfer as payment method" time="0.007">
    <skipped/>
  </testcase>
  <testcase classname="| QA-Admin1@getnada.com | P@ssw0rd123 | Aceh | 06-11-2021 | 07-11-2021 |" name="Then The User see Order, Total as Order Confirmation" time="0.007">
    <skipped/>
  </testcase>
</testsuite>